<?xml version="1.0" encoding="UTF-8" standalone="yes"?>
<Document xmlns:xsi="http://www.w3.org/2001/XMLSchema-instance"
          xsi:schemaLocation="urn:sepade:xsd:pain.001.001.02 pain.001.001.02.xsd" xmlns="urn:sepade:xsd:pain.001.001.02">
    <pain.001.001.02/>
</Document>
